0 info it worked if it ends with ok
1 verbose cli [ '/usr/local/bin/node',
1 verbose cli   '/usr/local/bin/npm',
1 verbose cli   'install',
1 verbose cli   '-g',
1 verbose cli   'generator-angular' ]
2 info using npm@1.4.28
3 info using node@v0.10.33
4 verbose cache add [ 'generator-angular', null ]
5 verbose cache add name=undefined spec="generator-angular" args=["generator-angular",null]
6 verbose parsed url { protocol: null,
6 verbose parsed url   slashes: null,
6 verbose parsed url   auth: null,
6 verbose parsed url   host: null,
6 verbose parsed url   port: null,
6 verbose parsed url   hostname: null,
6 verbose parsed url   hash: null,
6 verbose parsed url   search: null,
6 verbose parsed url   query: null,
6 verbose parsed url   pathname: 'generator-angular',
6 verbose parsed url   path: 'generator-angular',
6 verbose parsed url   href: 'generator-angular' }
7 silly lockFile 458e0b50-generator-angular generator-angular
8 verbose lock generator-angular /home/findlay/.npm/458e0b50-generator-angular.lock
9 silly lockFile 458e0b50-generator-angular generator-angular
10 silly lockFile 458e0b50-generator-angular generator-angular
11 verbose addNamed [ 'generator-angular', '' ]
12 verbose addNamed [ null, '*' ]
13 silly lockFile 0345f598-generator-angular generator-angular@
14 verbose lock generator-angular@ /home/findlay/.npm/0345f598-generator-angular.lock
15 silly addNameRange { name: 'generator-angular', range: '*', hasData: false }
16 verbose request where is /generator-angular
17 verbose request registry https://registry.npmjs.org/
18 verbose request id 2e0de51f0484d52c
19 verbose url raw /generator-angular
20 verbose url resolving [ 'https://registry.npmjs.org/', './generator-angular' ]
21 verbose url resolved https://registry.npmjs.org/generator-angular
22 verbose request where is https://registry.npmjs.org/generator-angular
23 info trying registry request attempt 1 at 01:36:02
24 http GET https://registry.npmjs.org/generator-angular
25 http 200 https://registry.npmjs.org/generator-angular
26 silly registry.get cb [ 200,
26 silly registry.get   { server: 'CouchDB/1.5.0 (Erlang OTP/R16B03)',
26 silly registry.get     etag: '"46DBOG7MJSHKCK5D6KKHXKD5M"',
26 silly registry.get     'content-type': 'application/json',
26 silly registry.get     'cache-control': 'max-age=300',
26 silly registry.get     'content-length': '86739',
26 silly registry.get     'accept-ranges': 'bytes',
26 silly registry.get     date: 'Sat, 30 Apr 2016 04:36:02 GMT',
26 silly registry.get     via: '1.1 varnish',
26 silly registry.get     age: '0',
26 silly registry.get     connection: 'keep-alive',
26 silly registry.get     'x-served-by': 'cache-dfw1844-DFW',
26 silly registry.get     'x-cache': 'HIT',
26 silly registry.get     'x-cache-hits': '1',
26 silly registry.get     'x-timer': 'S1461990962.601986,VS0,VE343',
26 silly registry.get     vary: 'Accept-Encoding' } ]
27 silly addNameRange number 2 { name: 'generator-angular', range: '*', hasData: true }
28 silly addNameRange versions [ 'generator-angular',
28 silly addNameRange   [ '0.1.0',
28 silly addNameRange     '0.1.1',
28 silly addNameRange     '0.1.2',
28 silly addNameRange     '0.1.3',
28 silly addNameRange     '0.1.4',
28 silly addNameRange     '0.1.5',
28 silly addNameRange     '0.2.0',
28 silly addNameRange     '0.2.1',
28 silly addNameRange     '0.2.2',
28 silly addNameRange     '0.3.0',
28 silly addNameRange     '0.3.1',
28 silly addNameRange     '0.4.0',
28 silly addNameRange     '0.5.0',
28 silly addNameRange     '0.5.1',
28 silly addNameRange     '0.6.0-rc.1',
28 silly addNameRange     '0.6.0-rc.2',
28 silly addNameRange     '0.6.0',
28 silly addNameRange     '0.7.0',
28 silly addNameRange     '0.7.1',
28 silly addNameRange     '0.8.0',
28 silly addNameRange     '0.9.0-0',
28 silly addNameRange     '0.9.0-1',
28 silly addNameRange     '0.9.0',
28 silly addNameRange     '0.9.1',
28 silly addNameRange     '0.9.2',
28 silly addNameRange     '0.9.3',
28 silly addNameRange     '0.9.5',
28 silly addNameRange     '0.9.6',
28 silly addNameRange     '0.9.7',
28 silly addNameRange     '0.9.8',
28 silly addNameRange     '0.10.0',
28 silly addNameRange     '0.11.0',
28 silly addNameRange     '0.11.1',
28 silly addNameRange     '0.12.0',
28 silly addNameRange     '0.11.2',
28 silly addNameRange     '0.12.1',
28 silly addNameRange     '0.13.0',
28 silly addNameRange     '0.13.1',
28 silly addNameRange     '0.13.2',
28 silly addNameRange     '0.13.3',
28 silly addNameRange     '0.13.4',
28 silly addNameRange     '0.14.0',
28 silly addNameRange     '0.15.0',
28 silly addNameRange     '0.15.1' ] ]
29 verbose addNamed [ 'generator-angular', '0.15.1' ]
30 verbose addNamed [ '0.15.1', '0.15.1' ]
31 silly lockFile 2466e7f7-generator-angular-0-15-1 generator-angular@0.15.1
32 verbose lock generator-angular@0.15.1 /home/findlay/.npm/2466e7f7-generator-angular-0-15-1.lock
33 silly lockFile 72f5a92f-lar-generator-angular-0-15-1-tgz https://registry.npmjs.org/generator-angular/-/generator-angular-0.15.1.tgz
34 verbose lock https://registry.npmjs.org/generator-angular/-/generator-angular-0.15.1.tgz /home/findlay/.npm/72f5a92f-lar-generator-angular-0-15-1-tgz.lock
35 verbose addRemoteTarball [ 'https://registry.npmjs.org/generator-angular/-/generator-angular-0.15.1.tgz',
35 verbose addRemoteTarball   'c1b947da1a163eccdd1c0427818532972015036d' ]
36 info retry fetch attempt 1 at 01:36:03
37 verbose fetch to= /tmp/npm-17272-17HLc3hH/registry.npmjs.org/generator-angular/-/generator-angular-0.15.1.tgz
38 http GET https://registry.npmjs.org/generator-angular/-/generator-angular-0.15.1.tgz
39 http 200 https://registry.npmjs.org/generator-angular/-/generator-angular-0.15.1.tgz
40 silly lockFile 72f5a92f-lar-generator-angular-0-15-1-tgz https://registry.npmjs.org/generator-angular/-/generator-angular-0.15.1.tgz
41 silly lockFile 72f5a92f-lar-generator-angular-0-15-1-tgz https://registry.npmjs.org/generator-angular/-/generator-angular-0.15.1.tgz
42 silly lockFile 2466e7f7-generator-angular-0-15-1 generator-angular@0.15.1
43 silly lockFile 2466e7f7-generator-angular-0-15-1 generator-angular@0.15.1
44 silly lockFile 0345f598-generator-angular generator-angular@
45 silly lockFile 0345f598-generator-angular generator-angular@
46 silly resolved [ { name: 'generator-angular',
46 silly resolved     version: '0.15.1',
46 silly resolved     description: 'Yeoman generator for AngularJS',
46 silly resolved     keywords:
46 silly resolved      [ 'yeoman-generator',
46 silly resolved        'scaffold',
46 silly resolved        'framework',
46 silly resolved        'component',
46 silly resolved        'front-end',
46 silly resolved        'app',
46 silly resolved        'angular' ],
46 silly resolved     author: { name: 'The Yeoman Team' },
46 silly resolved     main: 'app/index.js',
46 silly resolved     files:
46 silly resolved      [ 'app',
46 silly resolved        'common',
46 silly resolved        'constant',
46 silly resolved        'controller',
46 silly resolved        'decorator',
46 silly resolved        'directive',
46 silly resolved        'factory',
46 silly resolved        'filter',
46 silly resolved        'main',
46 silly resolved        'provider',
46 silly resolved        'route',
46 silly resolved        'service',
46 silly resolved        'templates',
46 silly resolved        'value',
46 silly resolved        'view',
46 silly resolved        'script-base.js',
46 silly resolved        'util.js' ],
46 silly resolved     repository:
46 silly resolved      { type: 'git',
46 silly resolved        url: 'git+https://github.com/yeoman/generator-angular.git' },
46 silly resolved     scripts: { test: 'mocha' },
46 silly resolved     dependencies:
46 silly resolved      { chalk: '^1.0.0',
46 silly resolved        wiredep: '^2.2.0',
46 silly resolved        'yeoman-generator': '^0.16.0',
46 silly resolved        yosay: '^1.0.2' },
46 silly resolved     peerDependencies: { 'generator-karma': '>=0.9.0' },
46 silly resolved     devDependencies:
46 silly resolved      { grunt: '^0.4.5',
46 silly resolved        'grunt-bump': '^0.6.0',
46 silly resolved        'grunt-contrib-jshint': '^0.11.0',
46 silly resolved        'grunt-conventional-github-releaser': '^0.5.0',
46 silly resolved        'load-grunt-tasks': '^3.1.0',
46 silly resolved        mocha: '*',
46 silly resolved        'underscore.string': '^3.0.3' },
46 silly resolved     engines: { node: '>=0.10.0' },
46 silly resolved     license: 'BSD-2-Clause',
46 silly resolved     gitHead: '22a638e975ff8024adb248e7fa4d9cd7c019fd44',
46 silly resolved     bugs: { url: 'https://github.com/yeoman/generator-angular/issues' },
46 silly resolved     homepage: 'https://github.com/yeoman/generator-angular#readme',
46 silly resolved     _id: 'generator-angular@0.15.1',
46 silly resolved     _shasum: 'c1b947da1a163eccdd1c0427818532972015036d',
46 silly resolved     _from: 'generator-angular@',
46 silly resolved     _npmVersion: '3.5.1',
46 silly resolved     _nodeVersion: '5.1.0',
46 silly resolved     _npmUser: { name: 'eddiemonge', email: 'eddie+npm@eddiemonge.com' },
46 silly resolved     maintainers:
46 silly resolved      [ [Object],
46 silly resolved        [Object],
46 silly resolved        [Object],
46 silly resolved        [Object],
46 silly resolved        [Object],
46 silly resolved        [Object],
46 silly resolved        [Object],
46 silly resolved        [Object] ],
46 silly resolved     dist:
46 silly resolved      { shasum: 'c1b947da1a163eccdd1c0427818532972015036d',
46 silly resolved        tarball: 'https://registry.npmjs.org/generator-angular/-/generator-angular-0.15.1.tgz' },
46 silly resolved     directories: {},
46 silly resolved     _resolved: 'https://registry.npmjs.org/generator-angular/-/generator-angular-0.15.1.tgz' } ]
47 info install generator-angular@0.15.1 into /usr/local/lib
48 info installOne generator-angular@0.15.1
49 verbose lib/node_modules/generator-angular unbuild
50 verbose tar unpack /home/findlay/.npm/generator-angular/0.15.1/package.tgz
51 silly lockFile 919d8aa6-b-node-modules-generator-angular tar:///usr/local/lib/node_modules/generator-angular
52 verbose lock tar:///usr/local/lib/node_modules/generator-angular /home/findlay/.npm/919d8aa6-b-node-modules-generator-angular.lock
53 silly lockFile 460e9f33-rator-angular-0-15-1-package-tgz tar:///home/findlay/.npm/generator-angular/0.15.1/package.tgz
54 verbose lock tar:///home/findlay/.npm/generator-angular/0.15.1/package.tgz /home/findlay/.npm/460e9f33-rator-angular-0-15-1-package-tgz.lock
55 silly gunzTarPerm modes [ '755', '644' ]
56 error Error: EACCES, mkdir '/usr/local/lib/node_modules/generator-angular'
56 error  { [Error: EACCES, mkdir '/usr/local/lib/node_modules/generator-angular']
56 error   errno: 3,
56 error   code: 'EACCES',
56 error   path: '/usr/local/lib/node_modules/generator-angular',
56 error   fstream_type: 'Directory',
56 error   fstream_path: '/usr/local/lib/node_modules/generator-angular',
56 error   fstream_class: 'DirWriter',
56 error   fstream_stack:
56 error    [ '/usr/local/lib/node_modules/npm/node_modules/fstream/lib/dir-writer.js:36:23',
56 error      '/usr/local/lib/node_modules/npm/node_modules/mkdirp/index.js:46:53',
56 error      'Object.oncomplete (fs.js:107:15)' ] }
57 error Please try running this command again as root/Administrator.
58 error System Linux 3.19.0-32-generic
59 error command "/usr/local/bin/node" "/usr/local/bin/npm" "install" "-g" "generator-angular"
60 error cwd /home/findlay/Documents/Development/Barberly/client
61 error node -v v0.10.33
62 error npm -v 1.4.28
63 error path /usr/local/lib/node_modules/generator-angular
64 error fstream_path /usr/local/lib/node_modules/generator-angular
65 error fstream_type Directory
66 error fstream_class DirWriter
67 error code EACCES
68 error errno 3
69 error stack Error: EACCES, mkdir '/usr/local/lib/node_modules/generator-angular'
70 error fstream_stack /usr/local/lib/node_modules/npm/node_modules/fstream/lib/dir-writer.js:36:23
70 error fstream_stack /usr/local/lib/node_modules/npm/node_modules/mkdirp/index.js:46:53
70 error fstream_stack Object.oncomplete (fs.js:107:15)
71 verbose exit [ 3, true ]
